<?xml version="1.0" encoding="UTF-8"?>
<!-- Generated by org.testng.reporters.JUnitXMLReporter -->
<testsuite ignored="0" hostname="DESKTOP-QVPU5JL" failures="0" tests="19" name="Bank Manager Tests" time="118.276" errors="0" timestamp="2026-05-29T15:47:36 CAT">
  <testcase classname="base.BaseTest" name="@BeforeMethod setUp" time="31.226">
    <failure type="org.openqa.selenium.TimeoutException" message="timeout: Timed out receiving message from renderer: 29.382
  (Session info: chrome=148.0.7778.179)
Build info: version: &amp;apos;4.20.0&amp;apos;, revision: &amp;apos;866c76ca80&amp;apos;
System info: os.name: &amp;apos;Windows 11&amp;apos;, os.arch: &amp;apos;amd64&amp;apos;, os.version: &amp;apos;10.0&amp;apos;, java.version: &amp;apos;21.0.10&amp;apos;
Driver info: org.openqa.selenium.chrome.ChromeDriver
Command: [5c886a05bf935fb71cb9b4b7bd9dfa97, get {url=https://www.globalsqa.com/angularJs-protractor/BankingProject/#/login}]
Capabilities {acceptInsecureCerts: false, browserName: chrome, browserVersion: 148.0.7778.179, chrome: {chromedriverVersion: 148.0.7778.178 (d096af1c9e9..., userDataDir: C:\Users\AMALIT~1\AppData\L...}, fedcm:accounts: true, goog:chromeOptions: {debuggerAddress: localhost:53600}, goog:processID: 22368, networkConnectionEnabled: false, pageLoadStrategy: normal, platformName: windows, proxy: Proxy(), se:cdp: ws://localhost:53600/devtoo..., se:cdpVersion: 148.0.7778.179, setWindowRect: true, strictFileInteractability: false, timeouts: {implicit: 0, pageLoad: 300000, script: 30000}, unhandledPromptBehavior: dismiss and notify, webauthn:extension:credBlob: true, webauthn:extension:largeBlob: true, webauthn:extension:minPinLength: true, webauthn:extension:prf: true, webauthn:virtualAuthenticators: true}
Session ID: 5c886a05bf935fb71cb9b4b7bd9dfa97">
      <![CDATA[org.openqa.selenium.TimeoutException: timeout: Timed out receiving message from renderer: 29.382
  (Session info: chrome=148.0.7778.179)
Build info: version: '4.20.0', revision: '866c76ca80'
System info: os.name: 'Windows 11', os.arch: 'amd64', os.version: '10.0', java.version: '21.0.10'
Driver info: org.openqa.selenium.chrome.ChromeDriver
Command: [5c886a05bf935fb71cb9b4b7bd9dfa97, get {url=https://www.globalsqa.com/angularJs-protractor/BankingProject/#/login}]
Capabilities {acceptInsecureCerts: false, browserName: chrome, browserVersion: 148.0.7778.179, chrome: {chromedriverVersion: 148.0.7778.178 (d096af1c9e9..., userDataDir: C:\Users\AMALIT~1\AppData\L...}, fedcm:accounts: true, goog:chromeOptions: {debuggerAddress: localhost:53600}, goog:processID: 22368, networkConnectionEnabled: false, pageLoadStrategy: normal, platformName: windows, proxy: Proxy(), se:cdp: ws://localhost:53600/devtoo..., se:cdpVersion: 148.0.7778.179, setWindowRect: true, strictFileInteractability: false, timeouts: {implicit: 0, pageLoad: 300000, script: 30000}, unhandledPromptBehavior: dismiss and notify, webauthn:extension:credBlob: true, webauthn:extension:largeBlob: true, webauthn:extension:minPinLength: true, webauthn:extension:prf: true, webauthn:virtualAuthenticators: true}
Session ID: 5c886a05bf935fb71cb9b4b7bd9dfa97
at org.openqa.selenium.remote.ErrorCodec.decode(ErrorCodec.java:167)
at org.openqa.selenium.remote.codec.w3c.W3CHttpResponseCodec.decode(W3CHttpResponseCodec.java:138)
at org.openqa.selenium.remote.codec.w3c.W3CHttpResponseCodec.decode(W3CHttpResponseCodec.java:50)
at org.openqa.selenium.remote.HttpCommandExecutor.execute(HttpCommandExecutor.java:190)
at org.openqa.selenium.remote.service.DriverCommandExecutor.invokeExecute(DriverCommandExecutor.java:216)
at org.openqa.selenium.remote.service.DriverCommandExecutor.execute(DriverCommandExecutor.java:174)
at org.openqa.selenium.remote.RemoteWebDriver.execute(RemoteWebDriver.java:518)
at org.openqa.selenium.remote.RemoteWebDriver.get(RemoteWebDriver.java:300)
at base.BaseTest.setUp(BaseTest.java:37)
at java.base/java.util.concurrent.Executors$RunnableAdapter.call(Executors.java:572)
at java.base/java.util.concurrent.FutureTask.run(FutureTask.java:317)
at java.base/java.util.concurrent.ThreadPoolExecutor.runWorker(ThreadPoolExecutor.java:1144)
at java.base/java.util.concurrent.ThreadPoolExecutor$Worker.run(ThreadPoolExecutor.java:642)
at java.base/java.lang.Thread.run(Thread.java:1583)
... Removed 18 stack frames]]>
    </failure>
  </testcase> <!-- @BeforeMethod setUp -->
  <testcase classname="base.BaseTest" name="@BeforeMethod setUp" time="31.361">
    <failure type="org.openqa.selenium.TimeoutException" message="timeout: Timed out receiving message from renderer: 28.695
  (Session info: chrome=148.0.7778.179)
Build info: version: &amp;apos;4.20.0&amp;apos;, revision: &amp;apos;866c76ca80&amp;apos;
System info: os.name: &amp;apos;Windows 11&amp;apos;, os.arch: &amp;apos;amd64&amp;apos;, os.version: &amp;apos;10.0&amp;apos;, java.version: &amp;apos;21.0.10&amp;apos;
Driver info: org.openqa.selenium.chrome.ChromeDriver
Command: [35b151b381bc55400eb62f93ad9cbbf6, get {url=https://www.globalsqa.com/angularJs-protractor/BankingProject/#/login}]
Capabilities {acceptInsecureCerts: false, browserName: chrome, browserVersion: 148.0.7778.179, chrome: {chromedriverVersion: 148.0.7778.178 (d096af1c9e9..., userDataDir: C:\Users\AMALIT~1\AppData\L...}, fedcm:accounts: true, goog:chromeOptions: {debuggerAddress: localhost:51648}, goog:processID: 14548, networkConnectionEnabled: false, pageLoadStrategy: normal, platformName: windows, proxy: Proxy(), se:cdp: ws://localhost:51648/devtoo..., se:cdpVersion: 148.0.7778.179, setWindowRect: true, strictFileInteractability: false, timeouts: {implicit: 0, pageLoad: 300000, script: 30000}, unhandledPromptBehavior: dismiss and notify, webauthn:extension:credBlob: true, webauthn:extension:largeBlob: true, webauthn:extension:minPinLength: true, webauthn:extension:prf: true, webauthn:virtualAuthenticators: true}
Session ID: 35b151b381bc55400eb62f93ad9cbbf6">
      <![CDATA[org.openqa.selenium.TimeoutException: timeout: Timed out receiving message from renderer: 28.695
  (Session info: chrome=148.0.7778.179)
Build info: version: '4.20.0', revision: '866c76ca80'
System info: os.name: 'Windows 11', os.arch: 'amd64', os.version: '10.0', java.version: '21.0.10'
Driver info: org.openqa.selenium.chrome.ChromeDriver
Command: [35b151b381bc55400eb62f93ad9cbbf6, get {url=https://www.globalsqa.com/angularJs-protractor/BankingProject/#/login}]
Capabilities {acceptInsecureCerts: false, browserName: chrome, browserVersion: 148.0.7778.179, chrome: {chromedriverVersion: 148.0.7778.178 (d096af1c9e9..., userDataDir: C:\Users\AMALIT~1\AppData\L...}, fedcm:accounts: true, goog:chromeOptions: {debuggerAddress: localhost:51648}, goog:processID: 14548, networkConnectionEnabled: false, pageLoadStrategy: normal, platformName: windows, proxy: Proxy(), se:cdp: ws://localhost:51648/devtoo..., se:cdpVersion: 148.0.7778.179, setWindowRect: true, strictFileInteractability: false, timeouts: {implicit: 0, pageLoad: 300000, script: 30000}, unhandledPromptBehavior: dismiss and notify, webauthn:extension:credBlob: true, webauthn:extension:largeBlob: true, webauthn:extension:minPinLength: true, webauthn:extension:prf: true, webauthn:virtualAuthenticators: true}
Session ID: 35b151b381bc55400eb62f93ad9cbbf6
at org.openqa.selenium.remote.ErrorCodec.decode(ErrorCodec.java:167)
at org.openqa.selenium.remote.codec.w3c.W3CHttpResponseCodec.decode(W3CHttpResponseCodec.java:138)
at org.openqa.selenium.remote.codec.w3c.W3CHttpResponseCodec.decode(W3CHttpResponseCodec.java:50)
at org.openqa.selenium.remote.HttpCommandExecutor.execute(HttpCommandExecutor.java:190)
at org.openqa.selenium.remote.service.DriverCommandExecutor.invokeExecute(DriverCommandExecutor.java:216)
at org.openqa.selenium.remote.service.DriverCommandExecutor.execute(DriverCommandExecutor.java:174)
at org.openqa.selenium.remote.RemoteWebDriver.execute(RemoteWebDriver.java:518)
at org.openqa.selenium.remote.RemoteWebDriver.get(RemoteWebDriver.java:300)
at base.BaseTest.setUp(BaseTest.java:37)
at java.base/java.util.concurrent.Executors$RunnableAdapter.call(Executors.java:572)
at java.base/java.util.concurrent.FutureTask.run(FutureTask.java:317)
at java.base/java.util.concurrent.ThreadPoolExecutor.runWorker(ThreadPoolExecutor.java:1144)
at java.base/java.util.concurrent.ThreadPoolExecutor$Worker.run(ThreadPoolExecutor.java:642)
at java.base/java.lang.Thread.run(Thread.java:1583)
... Removed 18 stack frames]]>
    </failure>
  </testcase> <!-- @BeforeMethod setUp -->
  <testcase classname="tests.manager.AddCustomerTest" name="testAddCustomerFormIsVisible" time="3.905"/>
  <testcase classname="tests.manager.DeleteCustomerTest" name="testCustomersListTableIsVisible" time="3.744"/>
  <testcase classname="tests.manager.CreateAccountTest" name="testCreateAccountForExistingCustomer" time="4.077"/>
  <testcase classname="tests.manager.DeleteCustomerTest" name="testDeleteCustomerRemovedFromList" time="6.653"/>
  <testcase classname="tests.manager.AddCustomerTest" name="testAddCustomerWithInvalidData" time="14.065"/>
  <testcase classname="tests.manager.CreateAccountTest" name="testCreateAccountForExistingCustomer" time="5.236"/>
  <testcase classname="tests.manager.DeleteCustomerTest" name="testPreSeededCustomersExist" time="3.347"/>
  <testcase classname="tests.manager.AddCustomerTest" name="testAddCustomerWithInvalidData" time="6.015"/>
  <testcase classname="tests.manager.DeleteCustomerTest" name="testSearchForDeletedCustomerReturnsEmpty" time="3.499"/>
  <testcase classname="tests.manager.AddCustomerTest" name="testAddCustomerWithInvalidData" time="3.761"/>
  <testcase classname="tests.manager.AddCustomerTest" name="testAddCustomerWithInvalidData" time="5.703"/>
  <testcase classname="tests.manager.CreateAccountTest" name="testCreateAccountForExistingCustomer" time="0.0">
    <skipped/>
  </testcase> <!-- testCreateAccountForExistingCustomer -->
  <testcase classname="tests.manager.CreateAccountTest" name="testCustomerAndCurrencyDropdownsWork" time="0.0">
    <skipped/>
  </testcase> <!-- testCustomerAndCurrencyDropdownsWork -->
  <testcase classname="tests.manager.CreateAccountTest" name="testOpenAccountFormIsVisible" time="0.0">
    <skipped/>
  </testcase> <!-- testOpenAccountFormIsVisible -->
  <testcase classname="tests.manager.AddCustomerTest" name="testAddCustomerWithInvalidData" time="0.0">
    <skipped/>
  </testcase> <!-- testAddCustomerWithInvalidData -->
  <testcase classname="tests.manager.AddCustomerTest" name="testAddCustomerWithValidData" time="0.0">
    <skipped/>
  </testcase> <!-- testAddCustomerWithValidData -->
  <testcase classname="tests.manager.AddCustomerTest" name="testAddCustomerWithValidData" time="0.0">
    <skipped/>
  </testcase> <!-- testAddCustomerWithValidData -->
  <testcase classname="tests.manager.AddCustomerTest" name="testAddCustomerWithValidData" time="0.0">
    <skipped/>
  </testcase> <!-- testAddCustomerWithValidData -->
  <testcase classname="tests.manager.AddCustomerTest" name="testSubmitButtonIsEnabled" time="0.0">
    <skipped/>
  </testcase> <!-- testSubmitButtonIsEnabled -->
</testsuite> <!-- Bank Manager Tests -->
