<?xml version="1.0" encoding="UTF-8"?>
<!-- Generated by org.testng.reporters.JUnitXMLReporter -->
<testsuite ignored="0" hostname="DESKTOP-QVPU5JL" failures="0" tests="19" name="Bank Manager Tests" time="80.544" errors="0" timestamp="2026-05-28T00:37:44 CAT">
  <testcase classname="tests.manager.AddCustomerTest" name="testAddCustomerFormIsVisible" time="2.642"/>
  <testcase classname="tests.manager.DeleteCustomerTest" name="testCustomersListTableIsVisible" time="2.869"/>
  <testcase classname="tests.manager.CreateAccountTest" name="testCreateAccountForExistingCustomer" time="3.779"/>
  <testcase classname="tests.manager.CreateAccountTest" name="testCreateAccountForExistingCustomer" time="3.236"/>
  <testcase classname="tests.manager.AddCustomerTest" name="testAddCustomerWithInvalidData" time="3.054"/>
  <testcase classname="tests.manager.DeleteCustomerTest" name="testDeleteCustomerRemovedFromList" time="5.69"/>
  <testcase classname="tests.manager.CreateAccountTest" name="testCreateAccountForExistingCustomer" time="3.42"/>
  <testcase classname="tests.manager.AddCustomerTest" name="testAddCustomerWithInvalidData" time="4.013"/>
  <testcase classname="tests.manager.DeleteCustomerTest" name="testPreSeededCustomersExist" time="3.7"/>
  <testcase classname="tests.manager.CreateAccountTest" name="testCustomerAndCurrencyDropdownsWork" time="3.636"/>
  <testcase classname="tests.manager.DeleteCustomerTest" name="testSearchForDeletedCustomerReturnsEmpty" time="2.755"/>
  <testcase classname="tests.manager.AddCustomerTest" name="testAddCustomerWithInvalidData" time="4.504"/>
  <testcase classname="tests.manager.CreateAccountTest" name="testOpenAccountFormIsVisible" time="2.806"/>
  <testcase classname="tests.manager.AddCustomerTest" name="testAddCustomerWithInvalidData" time="4.024"/>
  <testcase classname="tests.manager.AddCustomerTest" name="testAddCustomerWithInvalidData" time="3.585"/>
  <testcase classname="tests.manager.AddCustomerTest" name="testAddCustomerWithValidData" time="3.192"/>
  <testcase classname="tests.manager.AddCustomerTest" name="testAddCustomerWithValidData" time="3.788"/>
  <testcase classname="tests.manager.AddCustomerTest" name="testAddCustomerWithValidData" time="3.182"/>
  <testcase classname="tests.manager.AddCustomerTest" name="testSubmitButtonIsEnabled" time="2.864"/>
</testsuite> <!-- Bank Manager Tests -->
