<?xml version="1.0" encoding="UTF-8"?>
<!-- Generated by org.testng.reporters.JUnitXMLReporter -->
<testsuite ignored="0" hostname="DESKTOP-QVPU5JL" failures="0" tests="22" name="Customer Tests" time="80.424" errors="0" timestamp="2026-05-28T00:39:04 CAT">
  <testcase classname="tests.customer.CustomerLoginTest" name="testCustomerDropdownVisible" time="1.908"/>
  <testcase classname="tests.customer.DepositTest" name="testBalanceIncreasesAfterDeposit" time="5.727"/>
  <testcase classname="tests.customer.CustomerLoginTest" name="testLoginButtonDisabledBeforeSelection" time="1.934"/>
  <testcase classname="tests.customer.WithdrawTest" name="testBalanceDecreasesAfterWithdrawal" time="8.034"/>
  <testcase classname="tests.customer.CustomerLoginTest" name="testLoginWithValidCustomer" time="2.952"/>
  <testcase classname="tests.customer.WithdrawTest" name="testWithdrawFullBalance" time="6.02"/>
  <testcase classname="tests.customer.CustomerLoginTest" name="testLoginWithValidCustomer" time="3.011"/>
  <testcase classname="tests.customer.WithdrawTest" name="testWithdrawValidAmount" time="5.74"/>
  <testcase classname="tests.customer.CustomerLoginTest" name="testLoginWithValidCustomer" time="2.935"/>
  <testcase classname="tests.customer.DepositTest" name="testDepositInvalidAmount" time="19.472"/>
  <testcase classname="tests.customer.CustomerLoginTest" name="testLoginWithValidCustomer" time="3.54"/>
  <testcase classname="tests.customer.WithdrawTest" name="testWithdrawWithInsufficientBalance" time="6.917"/>
  <testcase classname="tests.customer.CustomerLoginTest" name="testLoginWithValidCustomer" time="3.696"/>
  <testcase classname="tests.customer.CustomerLoginTest" name="testLogoutReturnsToHomePage" time="3.116"/>
  <testcase classname="tests.customer.DepositTest" name="testDepositInvalidAmount" time="19.205"/>
  <testcase classname="tests.customer.TransactionTest" name="testBackButtonReturnsToDashboard" time="5.509"/>
  <testcase classname="tests.customer.DepositTest" name="testDepositValidAmount" time="3.997"/>
  <testcase classname="tests.customer.WithdrawTest" name="testWithdrawZeroAmount" time="19.525"/>
  <testcase classname="tests.customer.DepositTest" name="testDepositValidAmount" time="4.546"/>
  <testcase classname="tests.customer.TransactionTest" name="testTransactionHistoryIsReadOnly" time="5.736"/>
  <testcase classname="tests.customer.DepositTest" name="testDepositValidAmount" time="4.554"/>
  <testcase classname="tests.customer.TransactionTest" name="testTransactionHistoryPageIsAccessible" time="5.45"/>
</testsuite> <!-- Customer Tests -->
