<?xml version="1.0" encoding="UTF-8"?>
<!-- Generated by org.testng.reporters.JUnitReportReporter -->
<testsuite hostname="DESKTOP-QVPU5JL" failures="0" tests="8" name="tests.customer.CustomerLoginTest" time="52.266" errors="0" timestamp="2026-05-28T00:39:05 CAT" skipped="0">
  <testcase classname="tests.customer.CustomerLoginTest" name="testLoginWithValidCustomer" time="7.007"/>
  <testcase classname="tests.customer.CustomerLoginTest" name="testLoginWithValidCustomer" time="7.165"/>
  <testcase classname="tests.customer.CustomerLoginTest" name="testCustomerDropdownVisible" time="6.070"/>
  <testcase classname="tests.customer.CustomerLoginTest" name="testLoginWithValidCustomer" time="6.829"/>
  <testcase classname="tests.customer.CustomerLoginTest" name="testLoginButtonDisabledBeforeSelection" time="5.958"/>
  <testcase classname="tests.customer.CustomerLoginTest" name="testLogoutReturnsToHomePage" time="6.685"/>
  <testcase classname="tests.customer.CustomerLoginTest" name="testLoginWithValidCustomer" time="6.388"/>
  <testcase classname="tests.customer.CustomerLoginTest" name="testLoginWithValidCustomer" time="6.164"/>
</testsuite> <!-- tests.customer.CustomerLoginTest -->
