<?xml version="1.0" encoding="UTF-8"?>
<!-- Generated by org.testng.reporters.JUnitReportReporter -->
<testsuite hostname="DESKTOP-QVPU5JL" failures="0" tests="6" name="tests.customer.DepositTest" time="78.116" errors="0" timestamp="2026-05-28T00:39:05 CAT" skipped="0">
  <testcase classname="tests.customer.DepositTest" name="testDepositInvalidAmount" time="22.639"/>
  <testcase classname="tests.customer.DepositTest" name="testBalanceIncreasesAfterDeposit" time="8.992"/>
  <testcase classname="tests.customer.DepositTest" name="testDepositInvalidAmount" time="22.482"/>
  <testcase classname="tests.customer.DepositTest" name="testDepositValidAmount" time="8.063"/>
  <testcase classname="tests.customer.DepositTest" name="testDepositValidAmount" time="8.816"/>
  <testcase classname="tests.customer.DepositTest" name="testDepositValidAmount" time="7.124"/>
</testsuite> <!-- tests.customer.DepositTest -->
