<?xml version="1.0" encoding="UTF-8"?>
<!-- Generated by org.testng.reporters.JUnitReportReporter -->
<testsuite hostname="DESKTOP-QVPU5JL" failures="0" tests="3" name="tests.customer.TransactionTest" time="28.051" errors="0" timestamp="2026-05-28T00:39:05 CAT" skipped="0">
  <testcase classname="tests.customer.TransactionTest" name="testTransactionHistoryIsReadOnly" time="9.520"/>
  <testcase classname="tests.customer.TransactionTest" name="testTransactionHistoryPageIsAccessible" time="8.754"/>
  <testcase classname="tests.customer.TransactionTest" name="testBackButtonReturnsToDashboard" time="9.777"/>
</testsuite> <!-- tests.customer.TransactionTest -->
