<?xml version="1.0" encoding="UTF-8"?>
<!-- Generated by org.testng.reporters.JUnitReportReporter -->
<testsuite hostname="DESKTOP-QVPU5JL" failures="0" tests="4" name="tests.manager.DeleteCustomerTest" time="34.255" errors="0" timestamp="2026-05-28T00:39:05 CAT" skipped="0">
  <testcase classname="tests.manager.DeleteCustomerTest" name="testDeleteCustomerRemovedFromList" time="8.777"/>
  <testcase classname="tests.manager.DeleteCustomerTest" name="testCustomersListTableIsVisible" time="10.461"/>
  <testcase classname="tests.manager.DeleteCustomerTest" name="testSearchForDeletedCustomerReturnsEmpty" time="5.700"/>
  <testcase classname="tests.manager.DeleteCustomerTest" name="testPreSeededCustomersExist" time="9.317"/>
</testsuite> <!-- tests.manager.DeleteCustomerTest -->
