<?xml version="1.0" encoding="UTF-8"?>
<!-- Generated by org.testng.reporters.JUnitReportReporter -->
<testsuite hostname="DESKTOP-QVPU5JL" failures="0" tests="5" name="tests.customer.WithdrawTest" time="63.396" errors="0" timestamp="2026-05-28T00:39:05 CAT" skipped="0">
  <testcase classname="tests.customer.WithdrawTest" name="testBalanceDecreasesAfterWithdrawal" time="11.800"/>
  <testcase classname="tests.customer.WithdrawTest" name="testWithdrawZeroAmount" time="22.749"/>
  <testcase classname="tests.customer.WithdrawTest" name="testWithdrawWithInsufficientBalance" time="10.322"/>
  <testcase classname="tests.customer.WithdrawTest" name="testWithdrawFullBalance" time="9.647"/>
  <testcase classname="tests.customer.WithdrawTest" name="testWithdrawValidAmount" time="8.878"/>
</testsuite> <!-- tests.customer.WithdrawTest -->
