<?xml version="1.0" encoding="UTF-8"?>
<!-- Generated by org.testng.reporters.JUnitReportReporter -->
<testsuite hostname="DESKTOP-QVPU5JL" failures="0" tests="10" name="tests.manager.AddCustomerTest" time="78.141" errors="0" timestamp="2026-05-28T00:39:05 CAT" skipped="0">
  <testcase classname="tests.manager.AddCustomerTest" name="testAddCustomerWithValidData" time="6.724"/>
  <testcase classname="tests.manager.AddCustomerTest" name="testAddCustomerWithInvalidData" time="7.262"/>
  <testcase classname="tests.manager.AddCustomerTest" name="testAddCustomerWithInvalidData" time="7.064"/>
  <testcase classname="tests.manager.AddCustomerTest" name="testAddCustomerWithInvalidData" time="8.358"/>
  <testcase classname="tests.manager.AddCustomerTest" name="testAddCustomerWithInvalidData" time="8.040"/>
  <testcase classname="tests.manager.AddCustomerTest" name="testSubmitButtonIsEnabled" time="6.866"/>
  <testcase classname="tests.manager.AddCustomerTest" name="testAddCustomerWithValidData" time="7.388"/>
  <testcase classname="tests.manager.AddCustomerTest" name="testAddCustomerFormIsVisible" time="7.449"/>
  <testcase classname="tests.manager.AddCustomerTest" name="testAddCustomerWithValidData" time="6.996"/>
  <testcase classname="tests.manager.AddCustomerTest" name="testAddCustomerWithInvalidData" time="11.994"/>
</testsuite> <!-- tests.manager.AddCustomerTest -->
