<?xml version="1.0" encoding="UTF-8"?>
<!-- Generated by org.testng.reporters.JUnitReportReporter -->
<testsuite hostname="DESKTOP-QVPU5JL" failures="0" tests="5" name="tests.manager.CreateAccountTest" time="39.248" errors="0" timestamp="2026-05-28T00:39:05 CAT" skipped="0">
  <testcase classname="tests.manager.CreateAccountTest" name="testOpenAccountFormIsVisible" time="6.268"/>
  <testcase classname="tests.manager.CreateAccountTest" name="testCustomerAndCurrencyDropdownsWork" time="6.895"/>
  <testcase classname="tests.manager.CreateAccountTest" name="testCreateAccountForExistingCustomer" time="6.620"/>
  <testcase classname="tests.manager.CreateAccountTest" name="testCreateAccountForExistingCustomer" time="11.613"/>
  <testcase classname="tests.manager.CreateAccountTest" name="testCreateAccountForExistingCustomer" time="7.852"/>
</testsuite> <!-- tests.manager.CreateAccountTest -->
